2025-03-14 19:40:00:400 [32minfo[39m: [32mStarting queue processing[39m
2025-03-14 19:40:00:400 [32minfo[39m: [32mQueue processing completed: {"processed":0,"assigned":0,"failed":0,"escalated":0}[39m
2025-03-14 19:45:00:450 [32minfo[39m: [32mStarting queue processing[39m
2025-03-14 19:45:00:450 [32minfo[39m: [32mQueue processing completed: {"processed":0,"assigned":0,"failed":0,"escalated":0}[39m
2025-03-14 19:50:00:500 [32minfo[39m: [32mStarting queue processing[39m
2025-03-14 19:50:00:500 [32minfo[39m: [32mQueue processing completed: {"processed":0,"assigned":0,"failed":0,"escalated":0}[39m
2025-03-14 19:54:15:5415 [32minfo[39m: [32mHandling ticket created event for 67d45f3703dbbb8986378858[39m
2025-03-14 19:54:15:5415 [32minfo[39m: [32mScheduled response SLA check for ticket 67d45f3703dbbb8986378858 in 3599901ms[39m
2025-03-14 19:54:15:5415 [32minfo[39m: [32mScheduled resolution SLA check for ticket 67d45f3703dbbb8986378858 in 28799900ms[39m
2025-03-14 19:55:00:550 [32minfo[39m: [32mStarting queue processing[39m
2025-03-14 19:55:00:550 [32minfo[39m: [32mQueue processing completed: {"processed":1,"assigned":0,"failed":0,"escalated":0}[39m
2025-03-14 20:00:00:00 [32minfo[39m: [32mStarting queue processing[39m
2025-03-14 20:00:00:00 [32minfo[39m: [32mQueue processing completed: {"processed":1,"assigned":0,"failed":0,"escalated":0}[39m
2025-03-14 20:05:00:50 [32minfo[39m: [32mStarting queue processing[39m
2025-03-14 20:05:00:50 [32minfo[39m: [32mQueue processing completed: {"processed":0,"assigned":0,"failed":0,"escalated":0}[39m
2025-03-14 20:10:00:100 [32minfo[39m: [32mStarting queue processing[39m
2025-03-14 20:10:00:100 [32minfo[39m: [32mQueue processing completed: {"processed":0,"assigned":0,"failed":0,"escalated":0}[39m
2025-03-14 20:15:00:150 [32minfo[39m: [32mStarting queue processing[39m
2025-03-14 20:15:00:150 [32minfo[39m: [32mQueue processing completed: {"processed":0,"assigned":0,"failed":0,"escalated":0}[39m
2025-03-14 20:20:00:200 [32minfo[39m: [32mStarting queue processing[39m
2025-03-14 20:20:00:200 [32minfo[39m: [32mQueue processing completed: {"processed":0,"assigned":0,"failed":0,"escalated":0}[39m
2025-03-14 20:25:00:250 [32minfo[39m: [32mStarting queue processing[39m
2025-03-14 20:25:00:250 [32minfo[39m: [32mQueue processing completed: {"processed":0,"assigned":0,"failed":0,"escalated":0}[39m
2025-03-14 20:30:00:300 [32minfo[39m: [32mStarting queue processing[39m
2025-03-14 20:30:00:300 [32minfo[39m: [32mQueue processing completed: {"processed":0,"assigned":0,"failed":0,"escalated":0}[39m
2025-03-14 20:35:00:350 [32minfo[39m: [32mStarting queue processing[39m
2025-03-14 20:35:00:350 [32minfo[39m: [32mQueue processing completed: {"processed":0,"assigned":0,"failed":0,"escalated":0}[39m
2025-03-14 20:40:00:400 [32minfo[39m: [32mStarting queue processing[39m
2025-03-14 20:40:00:400 [32minfo[39m: [32mQueue processing completed: {"processed":0,"assigned":0,"failed":0,"escalated":0}[39m
2025-03-14 20:45:00:450 [32minfo[39m: [32mStarting queue processing[39m
2025-03-14 20:45:00:450 [32minfo[39m: [32mQueue processing completed: {"processed":0,"assigned":0,"failed":0,"escalated":0}[39m
2025-03-14 20:50:00:500 [32minfo[39m: [32mStarting queue processing[39m
2025-03-14 20:50:00:500 [32minfo[39m: [32mQueue processing completed: {"processed":0,"assigned":0,"failed":0,"escalated":0}[39m
2025-03-14 20:54:56:5456 [31merror[39m: [31mError creating escalation notification: Notification validation failed: recipient: Path `recipient` is required.[39m
2025-03-14 20:54:56:5456 [32minfo[39m: [32mTicket 67d45f3703dbbb8986378858 escalated to level 1[39m
2025-03-14 20:55:00:550 [32minfo[39m: [32mStarting queue processing[39m
2025-03-14 20:55:00:550 [32minfo[39m: [32mQueue processing completed: {"processed":0,"assigned":0,"failed":0,"escalated":0}[39m
2025-03-14 21:00:00:00 [32minfo[39m: [32mStarting queue processing[39m
2025-03-14 21:00:00:00 [32minfo[39m: [32mQueue processing completed: {"processed":0,"assigned":0,"failed":0,"escalated":0}[39m
2025-03-14 21:05:00:50 [32minfo[39m: [32mStarting queue processing[39m
2025-03-14 21:05:00:50 [32minfo[39m: [32mQueue processing completed: {"processed":0,"assigned":0,"failed":0,"escalated":0}[39m
2025-03-14 21:07:05:75 [32minfo[39m: [32mStarting queue processing[39m
2025-03-14 21:07:05:75 [32minfo[39m: [32mQueue processing completed: {"processed":0,"assigned":0,"failed":0,"escalated":0}[39m
2025-03-14 21:10:00:100 [32minfo[39m: [32mStarting queue processing[39m
2025-03-14 21:10:00:100 [32minfo[39m: [32mQueue processing completed: {"processed":0,"assigned":0,"failed":0,"escalated":0}[39m
2025-03-14 21:15:00:150 [32minfo[39m: [32mStarting queue processing[39m
2025-03-14 21:15:00:150 [32minfo[39m: [32mQueue processing completed: {"processed":0,"assigned":0,"failed":0,"escalated":0}[39m
2025-03-14 21:39:00:390 [31merror[39m: [31mError creating escalation notification: Notification validation failed: recipient: Path `recipient` is required.[39m
2025-03-14 21:39:00:390 [32minfo[39m: [32mTicket 67d477b2e68c12d30dc0b094 escalated to level 1[39m
2025-03-14 21:39:00:390 [31merror[39m: [31mError creating escalation notification: Notification validation failed: recipient: Path `recipient` is required.[39m
2025-03-14 21:39:00:390 [32minfo[39m: [32mTicket 67d477b2e68c12d30dc0b063 escalated to level 1[39m
2025-03-14 21:39:00:390 [31merror[39m: [31mError creating escalation notification: Notification validation failed: recipient: Path `recipient` is required.[39m
2025-03-14 21:39:00:390 [32minfo[39m: [32mTicket 67d477b2e68c12d30dc0b06d escalated to level 1[39m
2025-03-14 21:39:00:390 [31merror[39m: [31mError creating escalation notification: Notification validation failed: recipient: Path `recipient` is required.[39m
2025-03-14 21:39:00:390 [32minfo[39m: [32mTicket 67d477b2e68c12d30dc0b07e escalated to level 1[39m
2025-03-14 21:39:00:390 [31merror[39m: [31mError creating escalation notification: Notification validation failed: recipient: Path `recipient` is required.[39m
2025-03-14 21:39:00:390 [32minfo[39m: [32mTicket 67d477b2e68c12d30dc0b068 escalated to level 1[39m
2025-03-14 21:39:00:390 [31merror[39m: [31mError creating escalation notification: Notification validation failed: recipient: Path `recipient` is required.[39m
2025-03-14 21:39:00:390 [32minfo[39m: [32mTicket 67d477b2e68c12d30dc0b083 escalated to level 1[39m
2025-03-14 21:39:00:390 [31merror[39m: [31mError creating escalation notification: Notification validation failed: recipient: Path `recipient` is required.[39m
2025-03-14 21:39:00:390 [32minfo[39m: [32mTicket 67d477b2e68c12d30dc0b0a2 escalated to level 1[39m
2025-03-14 21:39:00:390 [31merror[39m: [31mError creating escalation notification: Notification validation failed: recipient: Path `recipient` is required.[39m
2025-03-14 21:39:00:390 [32minfo[39m: [32mTicket 67d477b2e68c12d30dc0b09d escalated to level 1[39m
2025-03-14 21:39:00:390 [31merror[39m: [31mError creating escalation notification: Notification validation failed: recipient: Path `recipient` is required.[39m
2025-03-14 21:39:00:390 [32minfo[39m: [32mTicket 67d477b2e68c12d30dc0b05a escalated to level 1[39m
2025-03-14 21:39:00:390 [31merror[39m: [31mError creating escalation notification: Notification validation failed: recipient: Path `recipient` is required.[39m
2025-03-14 21:39:00:390 [32minfo[39m: [32mTicket 67d477b2e68c12d30dc0b055 escalated to level 1[39m
2025-03-14 21:39:00:390 [31merror[39m: [31mError creating escalation notification: Notification validation failed: recipient: Path `recipient` is required.[39m
2025-03-14 21:39:00:390 [32minfo[39m: [32mTicket 67d477b2e68c12d30dc0b051 escalated to level 1[39m
2025-03-14 21:39:00:390 [31merror[39m: [31mError creating escalation notification: Notification validation failed: recipient: Path `recipient` is required.[39m
2025-03-14 21:39:00:390 [32minfo[39m: [32mTicket 67d477b2e68c12d30dc0b08c escalated to level 1[39m
2025-03-14 21:39:00:390 [31merror[39m: [31mError creating escalation notification: Notification validation failed: recipient: Path `recipient` is required.[39m
2025-03-14 21:39:00:390 [32minfo[39m: [32mTicket 67d477b2e68c12d30dc0b088 escalated to level 1[39m
2025-03-14 21:39:00:390 [31merror[39m: [31mError creating escalation notification: Notification validation failed: recipient: Path `recipient` is required.[39m
2025-03-14 21:39:00:390 [32minfo[39m: [32mTicket 67d477b2e68c12d30dc0b07a escalated to level 1[39m
2025-03-14 21:39:00:390 [31merror[39m: [31mError creating escalation notification: Notification validation failed: recipient: Path `recipient` is required.[39m
2025-03-14 21:39:00:390 [32minfo[39m: [32mTicket 67d477b2e68c12d30dc0b076 escalated to level 1[39m
2025-03-14 21:39:00:390 [31merror[39m: [31mError creating escalation notification: Notification validation failed: recipient: Path `recipient` is required.[39m
2025-03-14 21:39:00:390 [32minfo[39m: [32mTicket 67d477b2e68c12d30dc0b072 escalated to level 1[39m
2025-03-14 21:40:00:400 [32minfo[39m: [32mStarting queue processing[39m
2025-03-14 21:40:00:400 [32minfo[39m: [32mQueue processing completed: {"processed":0,"assigned":0,"failed":0,"escalated":0}[39m
2025-03-14 21:45:00:450 [32minfo[39m: [32mStarting queue processing[39m
2025-03-14 21:45:00:450 [32minfo[39m: [32mQueue processing completed: {"processed":0,"assigned":0,"failed":0,"escalated":0}[39m
2025-03-14 21:50:00:500 [32minfo[39m: [32mStarting queue processing[39m
2025-03-14 21:50:00:500 [32minfo[39m: [32mQueue processing completed: {"processed":0,"assigned":0,"failed":0,"escalated":0}[39m
2025-03-14 21:54:00:540 [31merror[39m: [31mError creating escalation notification: Notification validation failed: recipient: Path `recipient` is required.[39m
2025-03-14 21:54:00:540 [32minfo[39m: [32mTicket 67d47b3640b743a612751ced escalated to level 1[39m
2025-03-14 21:54:00:540 [31merror[39m: [31mError creating escalation notification: Notification validation failed: recipient: Path `recipient` is required.[39m
2025-03-14 21:54:00:540 [32minfo[39m: [32mTicket 67d47b3840b743a612751d30 escalated to level 1[39m
2025-03-14 21:54:00:540 [31merror[39m: [31mError creating escalation notification: Notification validation failed: recipient: Path `recipient` is required.[39m
2025-03-14 21:54:00:540 [32minfo[39m: [32mTicket 67d47b3840b743a612751d39 escalated to level 1[39m
2025-03-14 21:54:00:540 [31merror[39m: [31mError creating escalation notification: Notification validation failed: recipient: Path `recipient` is required.[39m
2025-03-14 21:54:00:540 [32minfo[39m: [32mTicket 67d47b3840b743a612751cf7 escalated to level 1[39m
2025-03-14 21:54:00:540 [31merror[39m: [31mError creating escalation notification: Notification validation failed: recipient: Path `recipient` is required.[39m
2025-03-14 21:54:00:540 [32minfo[39m: [32mTicket 67d47b3840b743a612751cfc escalated to level 1[39m
2025-03-14 21:54:00:540 [31merror[39m: [31mError creating escalation notification: Notification validation failed: recipient: Path `recipient` is required.[39m
2025-03-14 21:54:00:540 [32minfo[39m: [32mTicket 67d47b3840b743a612751d12 escalated to level 1[39m
2025-03-14 21:54:00:540 [31merror[39m: [31mError creating escalation notification: Notification validation failed: recipient: Path `recipient` is required.[39m
2025-03-14 21:54:00:540 [32minfo[39m: [32mTicket 67d47b3840b743a612751d09 escalated to level 1[39m
2025-03-14 21:54:00:540 [31merror[39m: [31mError creating escalation notification: Notification validation failed: recipient: Path `recipient` is required.[39m
2025-03-14 21:54:00:540 [32minfo[39m: [32mTicket 67d47b3840b743a612751d27 escalated to level 1[39m
2025-03-14 21:54:00:540 [31merror[39m: [31mError creating escalation notification: Notification validation failed: recipient: Path `recipient` is required.[39m
2025-03-14 21:54:00:540 [32minfo[39m: [32mTicket 67d47b3840b743a612751d35 escalated to level 1[39m
2025-03-14 21:54:00:540 [31merror[39m: [31mError creating escalation notification: Notification validation failed: recipient: Path `recipient` is required.[39m
2025-03-14 21:54:00:540 [32minfo[39m: [32mTicket 67d47b3840b743a612751d1b escalated to level 1[39m
2025-03-14 21:54:00:540 [31merror[39m: [31mError creating escalation notification: Notification validation failed: recipient: Path `recipient` is required.[39m
2025-03-14 21:54:00:540 [32minfo[39m: [32mTicket 67d47b3840b743a612751d3e escalated to level 1[39m
2025-03-14 21:54:00:540 [31merror[39m: [31mError creating escalation notification: Notification validation failed: recipient: Path `recipient` is required.[39m
2025-03-14 21:54:00:540 [32minfo[39m: [32mTicket 67d47b3840b743a612751d23 escalated to level 1[39m
2025-03-14 21:54:00:540 [31merror[39m: [31mError creating escalation notification: Notification validation failed: recipient: Path `recipient` is required.[39m
2025-03-14 21:54:00:540 [32minfo[39m: [32mTicket 67d47b3840b743a612751d05 escalated to level 1[39m
2025-03-14 21:54:00:540 [31merror[39m: [31mError creating escalation notification: Notification validation failed: recipient: Path `recipient` is required.[39m
2025-03-14 21:54:00:540 [32minfo[39m: [32mTicket 67d47b3840b743a612751d42 escalated to level 1[39m
2025-03-14 21:55:00:550 [32minfo[39m: [32mStarting queue processing[39m
2025-03-14 21:55:00:550 [32minfo[39m: [32mQueue processing completed: {"processed":0,"assigned":0,"failed":0,"escalated":0}[39m
2025-03-14 22:00:00:00 [32minfo[39m: [32mStarting queue processing[39m
2025-03-14 22:00:00:00 [32minfo[39m: [32mQueue processing completed: {"processed":0,"assigned":0,"failed":0,"escalated":0}[39m
2025-03-14 22:05:00:50 [32minfo[39m: [32mStarting queue processing[39m
2025-03-14 22:05:00:50 [32minfo[39m: [32mQueue processing completed: {"processed":0,"assigned":0,"failed":0,"escalated":0}[39m
2025-03-14 22:10:00:100 [32minfo[39m: [32mStarting queue processing[39m
2025-03-14 22:10:00:100 [32minfo[39m: [32mQueue processing completed: {"processed":0,"assigned":0,"failed":0,"escalated":0}[39m
2025-03-14 22:15:00:150 [32minfo[39m: [32mStarting queue processing[39m
2025-03-14 22:15:00:150 [32minfo[39m: [32mQueue processing completed: {"processed":0,"assigned":0,"failed":0,"escalated":0}[39m
2025-03-14 22:20:00:200 [32minfo[39m: [32mStarting queue processing[39m
2025-03-14 22:20:00:200 [32minfo[39m: [32mQueue processing completed: {"processed":0,"assigned":0,"failed":0,"escalated":0}[39m
2025-03-14 22:25:00:250 [32minfo[39m: [32mStarting queue processing[39m
2025-03-14 22:25:00:250 [32minfo[39m: [32mQueue processing completed: {"processed":0,"assigned":0,"failed":0,"escalated":0}[39m
2025-03-14 22:30:00:300 [32minfo[39m: [32mStarting queue processing[39m
2025-03-14 22:30:00:300 [32minfo[39m: [32mQueue processing completed: {"processed":0,"assigned":0,"failed":0,"escalated":0}[39m
2025-03-14 22:35:00:350 [32minfo[39m: [32mStarting queue processing[39m
2025-03-14 22:35:00:350 [32minfo[39m: [32mQueue processing completed: {"processed":0,"assigned":0,"failed":0,"escalated":0}[39m
2025-03-14 22:40:00:400 [32minfo[39m: [32mStarting queue processing[39m
2025-03-14 22:40:00:400 [32minfo[39m: [32mQueue processing completed: {"processed":0,"assigned":0,"failed":0,"escalated":0}[39m
2025-03-14 22:45:00:450 [32minfo[39m: [32mStarting queue processing[39m
2025-03-14 22:45:00:450 [32minfo[39m: [32mQueue processing completed: {"processed":0,"assigned":0,"failed":0,"escalated":0}[39m
2025-03-14 22:50:00:500 [32minfo[39m: [32mStarting queue processing[39m
2025-03-14 22:50:00:500 [32minfo[39m: [32mQueue processing completed: {"processed":0,"assigned":0,"failed":0,"escalated":0}[39m
2025-03-14 22:55:00:550 [32minfo[39m: [32mStarting queue processing[39m
2025-03-14 22:55:00:550 [32minfo[39m: [32mQueue processing completed: {"processed":0,"assigned":0,"failed":0,"escalated":0}[39m
2025-03-14 23:00:00:00 [32minfo[39m: [32mStarting queue processing[39m
2025-03-14 23:00:00:00 [32minfo[39m: [32mQueue processing completed: {"processed":0,"assigned":0,"failed":0,"escalated":0}[39m
2025-03-14 23:05:00:50 [32minfo[39m: [32mStarting queue processing[39m
2025-03-14 23:05:00:50 [32minfo[39m: [32mQueue processing completed: {"processed":0,"assigned":0,"failed":0,"escalated":0}[39m
2025-03-14 23:10:00:100 [32minfo[39m: [32mStarting queue processing[39m
2025-03-14 23:10:00:100 [32minfo[39m: [32mQueue processing completed: {"processed":0,"assigned":0,"failed":0,"escalated":0}[39m
2025-03-14 23:15:00:150 [32minfo[39m: [32mStarting queue processing[39m
2025-03-14 23:15:00:150 [32minfo[39m: [32mQueue processing completed: {"processed":0,"assigned":0,"failed":0,"escalated":0}[39m
2025-03-14 23:20:00:200 [32minfo[39m: [32mStarting queue processing[39m
2025-03-14 23:20:00:200 [32minfo[39m: [32mQueue processing completed: {"processed":0,"assigned":0,"failed":0,"escalated":0}[39m
2025-03-14 23:25:00:250 [32minfo[39m: [32mStarting queue processing[39m
2025-03-14 23:25:00:250 [32minfo[39m: [32mQueue processing completed: {"processed":0,"assigned":0,"failed":0,"escalated":0}[39m
2025-03-14 23:30:00:300 [32minfo[39m: [32mStarting queue processing[39m
2025-03-14 23:30:00:300 [32minfo[39m: [32mQueue processing completed: {"processed":0,"assigned":0,"failed":0,"escalated":0}[39m
2025-03-14 23:35:00:350 [32minfo[39m: [32mStarting queue processing[39m
2025-03-14 23:35:00:350 [32minfo[39m: [32mQueue processing completed: {"processed":0,"assigned":0,"failed":0,"escalated":0}[39m
2025-03-14 23:40:01:401 [32minfo[39m: [32mStarting queue processing[39m
2025-03-14 23:40:01:401 [32minfo[39m: [32mQueue processing completed: {"processed":0,"assigned":0,"failed":0,"escalated":0}[39m
2025-03-14 23:45:00:450 [32minfo[39m: [32mStarting queue processing[39m
2025-03-14 23:45:00:450 [32minfo[39m: [32mQueue processing completed: {"processed":0,"assigned":0,"failed":0,"escalated":0}[39m
2025-03-14 23:50:00:500 [32minfo[39m: [32mStarting queue processing[39m
2025-03-14 23:50:00:500 [32minfo[39m: [32mQueue processing completed: {"processed":0,"assigned":0,"failed":0,"escalated":0}[39m
2025-03-14 23:55:00:550 [32minfo[39m: [32mStarting queue processing[39m
2025-03-14 23:55:00:550 [32minfo[39m: [32mQueue processing completed: {"processed":0,"assigned":0,"failed":0,"escalated":0}[39m
2025-03-15 00:00:00:00 [32minfo[39m: [32mStarting queue processing[39m
2025-03-15 00:00:00:00 [32minfo[39m: [32mQueue processing completed: {"processed":0,"assigned":0,"failed":0,"escalated":0}[39m
2025-03-15 00:05:00:50 [32minfo[39m: [32mStarting queue processing[39m
2025-03-15 00:05:00:50 [32minfo[39m: [32mQueue processing completed: {"processed":0,"assigned":0,"failed":0,"escalated":0}[39m
2025-03-15 00:10:00:100 [32minfo[39m: [32mStarting queue processing[39m
2025-03-15 00:10:00:100 [32minfo[39m: [32mQueue processing completed: {"processed":0,"assigned":0,"failed":0,"escalated":0}[39m
2025-03-15 00:15:00:150 [32minfo[39m: [32mStarting queue processing[39m
2025-03-15 00:15:00:150 [32minfo[39m: [32mQueue processing completed: {"processed":0,"assigned":0,"failed":0,"escalated":0}[39m
2025-03-15 00:20:00:200 [32minfo[39m: [32mStarting queue processing[39m
2025-03-15 00:20:01:201 [32minfo[39m: [32mQueue processing completed: {"processed":0,"assigned":0,"failed":0,"escalated":0}[39m
2025-03-15 00:25:00:250 [32minfo[39m: [32mStarting queue processing[39m
2025-03-15 00:25:00:250 [32minfo[39m: [32mQueue processing completed: {"processed":0,"assigned":0,"failed":0,"escalated":0}[39m
2025-03-15 00:30:00:300 [32minfo[39m: [32mStarting queue processing[39m
2025-03-15 00:30:00:300 [32minfo[39m: [32mQueue processing completed: {"processed":0,"assigned":0,"failed":0,"escalated":0}[39m
2025-03-15 00:35:00:350 [32minfo[39m: [32mStarting queue processing[39m
2025-03-15 00:35:00:350 [32minfo[39m: [32mQueue processing completed: {"processed":0,"assigned":0,"failed":0,"escalated":0}[39m
2025-03-15 00:40:00:400 [32minfo[39m: [32mStarting queue processing[39m
2025-03-15 00:40:00:400 [32minfo[39m: [32mQueue processing completed: {"processed":0,"assigned":0,"failed":0,"escalated":0}[39m
2025-03-15 00:45:00:450 [32minfo[39m: [32mStarting queue processing[39m
2025-03-15 00:45:00:450 [32minfo[39m: [32mQueue processing completed: {"processed":0,"assigned":0,"failed":0,"escalated":0}[39m
2025-03-15 00:50:00:500 [32minfo[39m: [32mStarting queue processing[39m
2025-03-15 00:50:00:500 [32minfo[39m: [32mQueue processing completed: {"processed":0,"assigned":0,"failed":0,"escalated":0}[39m
2025-03-15 00:55:00:550 [32minfo[39m: [32mStarting queue processing[39m
2025-03-15 00:55:00:550 [32minfo[39m: [32mQueue processing completed: {"processed":0,"assigned":0,"failed":0,"escalated":0}[39m
2025-03-15 01:00:00:00 [32minfo[39m: [32mStarting queue processing[39m
2025-03-15 01:00:00:00 [32minfo[39m: [32mQueue processing completed: {"processed":0,"assigned":0,"failed":0,"escalated":0}[39m
2025-03-15 01:05:00:50 [32minfo[39m: [32mStarting queue processing[39m
2025-03-15 01:05:00:50 [32minfo[39m: [32mQueue processing completed: {"processed":0,"assigned":0,"failed":0,"escalated":0}[39m
2025-03-15 01:10:00:100 [32minfo[39m: [32mStarting queue processing[39m
2025-03-15 01:10:00:100 [32minfo[39m: [32mQueue processing completed: {"processed":0,"assigned":0,"failed":0,"escalated":0}[39m
2025-03-15 01:15:00:150 [32minfo[39m: [32mStarting queue processing[39m
2025-03-15 01:15:00:150 [32minfo[39m: [32mQueue processing completed: {"processed":0,"assigned":0,"failed":0,"escalated":0}[39m
2025-03-15 08:40:00:400 [32minfo[39m: [32mStarting queue processing[39m
2025-03-15 08:40:01:401 [32minfo[39m: [32mQueue processing completed: {"processed":0,"assigned":0,"failed":0,"escalated":0}[39m
2025-03-15 08:45:00:450 [32minfo[39m: [32mStarting queue processing[39m
2025-03-15 08:45:00:450 [32minfo[39m: [32mQueue processing completed: {"processed":0,"assigned":0,"failed":0,"escalated":0}[39m
2025-03-15 08:50:00:500 [32minfo[39m: [32mStarting queue processing[39m
2025-03-15 08:50:00:500 [32minfo[39m: [32mQueue processing completed: {"processed":0,"assigned":0,"failed":0,"escalated":0}[39m
2025-03-15 08:55:00:550 [32minfo[39m: [32mStarting queue processing[39m
2025-03-15 08:55:00:550 [32minfo[39m: [32mQueue processing completed: {"processed":0,"assigned":0,"failed":0,"escalated":0}[39m
2025-03-15 09:00:00:00 [32minfo[39m: [32mStarting queue processing[39m
2025-03-15 09:00:00:00 [32minfo[39m: [32mQueue processing completed: {"processed":0,"assigned":0,"failed":0,"escalated":0}[39m
2025-03-15 14:21:34:2134 [32minfo[39m: [32mHandling ticket created event for 67d562be89c3c2452d7225a0[39m
2025-03-15 14:22:24:2224 [31merror[39m: [31mReferenceError: Agent is not defined[39m
[31mReferenceError: Agent is not defined[39m
[31m    at /home/default/Desktop/Projects/smart-ticket-queue/backend/ticket-system-backend/src/controllers/ticketController.js:105:17[39m
[31m    at process.processTicksAndRejections (node:internal/process/task_queues:105:5)[39m
2025-03-15 14:32:32:3232 [32minfo[39m: [32mHandling ticket created event for 67d56550d0533dac67677091[39m
2025-03-16 17:44:29:4429 [32minfo[39m: [32mHandling ticket created event for 67d6e3cdea37d5f5d6dc2ac5[39m
2025-03-16 19:47:22:4722 [32minfo[39m: [32mHandling ticket created event for 67d7009a89b353287d8d5970[39m
2025-03-16 19:48:12:4812 [32minfo[39m: [32mHandling ticket created event for 67d700cc89b353287d8d6ef6[39m
2025-03-17 12:16:11:1611 [31merror[39m: [31mError: Agent not found[39m
[31mError: Agent not found[39m
[31m    at ShiftService.startShift (/home/default/Desktop/Projects/smart-ticket-queue/backend/ticket-system-backend/src/services/shiftService.js:10:11)[39m
[31m    at process.processTicksAndRejections (node:internal/process/task_queues:105:5)[39m
[31m    at async /home/default/Desktop/Projects/smart-ticket-queue/backend/ticket-system-backend/src/controllers/shiftController.js:7:16[39m
